[2025-06-28 15:55:03] Cron ejecutandose
Correos enviados hoy (2025-06-28): 124
Ideal a enviar: 124. Lote calculado: 0.
No es necesario enviar correos ahora (ritmo correcto).

[2025-06-28 16:00:05] Cron ejecutandose
Correos enviados hoy (2025-06-28): 124
Ideal a enviar: 133. Lote calculado: 9.
Buscando destinatarios en la base de datos...
Se encontraron 9 destinatarios para procesar.
Cron finalizado. Correos procesados en este lote: 9.

[2025-06-28 16:05:03] Cron ejecutandose
Correos enviados hoy (2025-06-28): 133
Ideal a enviar: 134. Lote calculado: 1.
Buscando destinatarios en la base de datos...
Se encontraron 1 destinatarios para procesar.
Cron finalizado. Correos procesados en este lote: 1.

[2025-06-28 16:10:05] Cron ejecutandose
Correos enviados hoy (2025-06-28): 134
Ideal a enviar: 134. Lote calculado: 0.
No es necesario enviar correos ahora (ritmo correcto).

[2025-06-28 16:15:03] Cron ejecutandose
Correos enviados hoy (2025-06-28): 134
Ideal a enviar: 135. Lote calculado: 1.
Buscando destinatarios en la base de datos...
Se encontraron 1 destinatarios para procesar.
Cron finalizado. Correos procesados en este lote: 1.

[2025-06-28 16:20:05] Cron ejecutandose
Correos enviados hoy (2025-06-28): 135
Ideal a enviar: 136. Lote calculado: 1.
Buscando destinatarios en la base de datos...
Se encontraron 1 destinatarios para procesar.
Cron finalizado. Correos procesados en este lote: 1.

[2025-06-28 16:25:03] Cron ejecutandose
Correos enviados hoy (2025-06-28): 136
Ideal a enviar: 136. Lote calculado: 0.
No es necesario enviar correos ahora (ritmo correcto).

[2025-06-28 16:30:04] Cron ejecutandose
Correos enviados hoy (2025-06-28): 136
Ideal a enviar: 137. Lote calculado: 1.
Buscando destinatarios en la base de datos...
Se encontraron 1 destinatarios para procesar.
Cron finalizado. Correos procesados en este lote: 1.

[2025-06-28 16:35:03] Cron ejecutandose
Correos enviados hoy (2025-06-28): 137
Ideal a enviar: 138. Lote calculado: 1.
Buscando destinatarios en la base de datos...
Se encontraron 1 destinatarios para procesar.
Cron finalizado. Correos procesados en este lote: 1.

[2025-06-28 16:40:04] Cron ejecutandose
Correos enviados hoy (2025-06-28): 138
Ideal a enviar: 138. Lote calculado: 0.
No es necesario enviar correos ahora (ritmo correcto).

[2025-06-28 16:45:03] Cron ejecutandose
Correos enviados hoy (2025-06-28): 138
Ideal a enviar: 139. Lote calculado: 1.
Buscando destinatarios en la base de datos...
Se encontraron 1 destinatarios para procesar.
Cron finalizado. Correos procesados en este lote: 1.

[2025-06-28 16:50:04] Cron ejecutandose
Correos enviados hoy (2025-06-28): 139
Ideal a enviar: 140. Lote calculado: 1.
Buscando destinatarios en la base de datos...
Se encontraron 1 destinatarios para procesar.
Cron finalizado. Correos procesados en este lote: 1.

[2025-06-28 16:55:02] Cron ejecutandose
Correos enviados hoy (2025-06-28): 140
Ideal a enviar: 140. Lote calculado: 0.
No es necesario enviar correos ahora (ritmo correcto).

[2025-06-28 17:00:04] Cron ejecutandose
Correos enviados hoy (2025-06-28): 140
Ideal a enviar: 141. Lote calculado: 1.
Buscando destinatarios en la base de datos...
Se encontraron 1 destinatarios para procesar.
Cron finalizado. Correos procesados en este lote: 1.

[2025-06-28 17:05:03] Cron ejecutandose
Correos enviados hoy (2025-06-28): 141
Ideal a enviar: 142. Lote calculado: 1.
Buscando destinatarios en la base de datos...
Se encontraron 1 destinatarios para procesar.
Cron finalizado. Correos procesados en este lote: 1.

[2025-06-28 17:10:04] Cron ejecutandose
Correos enviados hoy (2025-06-28): 142
Ideal a enviar: 143. Lote calculado: 1.
Buscando destinatarios en la base de datos...
Se encontraron 1 destinatarios para procesar.
Cron finalizado. Correos procesados en este lote: 1.

[2025-06-28 17:15:03] Cron ejecutandose
Correos enviados hoy (2025-06-28): 143
Ideal a enviar: 143. Lote calculado: 0.
No es necesario enviar correos ahora (ritmo correcto).

[2025-06-28 17:20:03] Cron ejecutandose
Correos enviados hoy (2025-06-28): 143
Ideal a enviar: 144. Lote calculado: 1.
Buscando destinatarios en la base de datos...
Se encontraron 1 destinatarios para procesar.
Cron finalizado. Correos procesados en este lote: 1.

[2025-06-28 17:25:02] Cron ejecutandose
Correos enviados hoy (2025-06-28): 144
Ideal a enviar: 145. Lote calculado: 1.
Buscando destinatarios en la base de datos...
Se encontraron 1 destinatarios para procesar.
Cron finalizado. Correos procesados en este lote: 1.

[2025-06-28 17:30:04] Cron ejecutandose
Correos enviados hoy (2025-06-28): 145
Ideal a enviar: 145. Lote calculado: 0.
No es necesario enviar correos ahora (ritmo correcto).

[2025-06-28 17:35:02] Cron ejecutandose
Correos enviados hoy (2025-06-28): 145
Ideal a enviar: 146. Lote calculado: 1.
Buscando destinatarios en la base de datos...
Se encontraron 1 destinatarios para procesar.
Cron finalizado. Correos procesados en este lote: 1.

[2025-06-28 17:40:05] Cron ejecutandose
Correos enviados hoy (2025-06-28): 146
Ideal a enviar: 147. Lote calculado: 1.
Buscando destinatarios en la base de datos...
Se encontraron 1 destinatarios para procesar.
Cron finalizado. Correos procesados en este lote: 1.

[2025-06-28 17:45:02] Cron ejecutandose
Correos enviados hoy (2025-06-28): 147
Ideal a enviar: 147. Lote calculado: 0.
No es necesario enviar correos ahora (ritmo correcto).

[2025-06-28 17:50:03] Cron ejecutandose
Correos enviados hoy (2025-06-28): 147
Ideal a enviar: 148. Lote calculado: 1.
Buscando destinatarios en la base de datos...
Se encontraron 1 destinatarios para procesar.
Cron finalizado. Correos procesados en este lote: 1.

[2025-06-28 17:55:02] Cron ejecutandose
Correos enviados hoy (2025-06-28): 148
Ideal a enviar: 149. Lote calculado: 1.
Buscando destinatarios en la base de datos...
Se encontraron 1 destinatarios para procesar.
Cron finalizado. Correos procesados en este lote: 1.

[2025-06-28 18:00:06] Cron ejecutandose
Correos enviados hoy (2025-06-28): 149
Ideal a enviar: 150. Lote calculado: 1.
Buscando destinatarios en la base de datos...
Se encontraron 1 destinatarios para procesar.
Cron finalizado. Correos procesados en este lote: 1.

[2025-06-28 18:05:03] Cron ejecutandose
Correos enviados hoy (2025-06-28): 150
Ideal a enviar: 150. Lote calculado: 0.
No es necesario enviar correos ahora (ritmo correcto).

[2025-06-28 18:10:04] Cron ejecutandose
Correos enviados hoy (2025-06-28): 150
Ideal a enviar: 151. Lote calculado: 1.
Buscando destinatarios en la base de datos...
Se encontraron 1 destinatarios para procesar.
Cron finalizado. Correos procesados en este lote: 1.

[2025-06-28 18:15:02] Cron ejecutandose
Correos enviados hoy (2025-06-28): 151
Ideal a enviar: 152. Lote calculado: 1.
Buscando destinatarios en la base de datos...
Se encontraron 1 destinatarios para procesar.
Cron finalizado. Correos procesados en este lote: 1.

[2025-06-28 18:20:06] Cron ejecutandose
Correos enviados hoy (2025-06-28): 152
Ideal a enviar: 152. Lote calculado: 0.
No es necesario enviar correos ahora (ritmo correcto).

[2025-06-28 18:25:02] Cron ejecutandose
Correos enviados hoy (2025-06-28): 152
Ideal a enviar: 153. Lote calculado: 1.
Buscando destinatarios en la base de datos...
Se encontraron 1 destinatarios para procesar.
Cron finalizado. Correos procesados en este lote: 1.

[2025-06-28 18:30:03] Cron ejecutandose
Correos enviados hoy (2025-06-28): 153
Ideal a enviar: 154. Lote calculado: 1.
Buscando destinatarios en la base de datos...
Se encontraron 1 destinatarios para procesar.
Cron finalizado. Correos procesados en este lote: 1.

[2025-06-28 18:35:02] Cron ejecutandose
Correos enviados hoy (2025-06-28): 154
Ideal a enviar: 154. Lote calculado: 0.
No es necesario enviar correos ahora (ritmo correcto).

[2025-06-28 18:40:05] Cron ejecutandose
Correos enviados hoy (2025-06-28): 154
Ideal a enviar: 155. Lote calculado: 1.
Buscando destinatarios en la base de datos...
Se encontraron 1 destinatarios para procesar.
Cron finalizado. Correos procesados en este lote: 1.

[2025-06-28 18:45:02] Cron ejecutandose
Correos enviados hoy (2025-06-28): 155
Ideal a enviar: 156. Lote calculado: 1.
Buscando destinatarios en la base de datos...
Se encontraron 1 destinatarios para procesar.
Cron finalizado. Correos procesados en este lote: 1.

[2025-06-28 18:50:04] Cron ejecutandose
Correos enviados hoy (2025-06-28): 156
Ideal a enviar: 156. Lote calculado: 0.
No es necesario enviar correos ahora (ritmo correcto).

[2025-06-28 18:55:02] Cron ejecutandose
Correos enviados hoy (2025-06-28): 156
Ideal a enviar: 157. Lote calculado: 1.
Buscando destinatarios en la base de datos...
Se encontraron 1 destinatarios para procesar.
Cron finalizado. Correos procesados en este lote: 1.

[2025-06-28 19:00:04] Cron ejecutandose
Correos enviados hoy (2025-06-28): 157
Ideal a enviar: 158. Lote calculado: 1.
Buscando destinatarios en la base de datos...
Se encontraron 1 destinatarios para procesar.
Cron finalizado. Correos procesados en este lote: 1.

[2025-06-28 19:05:02] Cron ejecutandose
Correos enviados hoy (2025-06-28): 158
Ideal a enviar: 159. Lote calculado: 1.
Buscando destinatarios en la base de datos...
Se encontraron 1 destinatarios para procesar.
Cron finalizado. Correos procesados en este lote: 1.

[2025-06-28 19:10:06] Cron ejecutandose
Correos enviados hoy (2025-06-28): 159
Ideal a enviar: 159. Lote calculado: 0.
No es necesario enviar correos ahora (ritmo correcto).

[2025-06-28 19:15:03] Cron ejecutandose
Correos enviados hoy (2025-06-28): 159
Ideal a enviar: 160. Lote calculado: 1.
Buscando destinatarios en la base de datos...
Se encontraron 1 destinatarios para procesar.
Cron finalizado. Correos procesados en este lote: 1.

[2025-06-28 19:20:04] Cron ejecutandose
Correos enviados hoy (2025-06-28): 160
Ideal a enviar: 161. Lote calculado: 1.
Buscando destinatarios en la base de datos...
Se encontraron 1 destinatarios para procesar.
Cron finalizado. Correos procesados en este lote: 1.

[2025-06-28 19:25:03] Cron ejecutandose
Correos enviados hoy (2025-06-28): 161
Ideal a enviar: 161. Lote calculado: 0.
No es necesario enviar correos ahora (ritmo correcto).

[2025-06-28 19:30:03] Cron ejecutandose
Correos enviados hoy (2025-06-28): 161
Ideal a enviar: 162. Lote calculado: 1.
Buscando destinatarios en la base de datos...
Se encontraron 1 destinatarios para procesar.
Cron finalizado. Correos procesados en este lote: 1.

[2025-06-28 19:35:03] Cron ejecutandose
Correos enviados hoy (2025-06-28): 162
Ideal a enviar: 163. Lote calculado: 1.
Buscando destinatarios en la base de datos...
Se encontraron 1 destinatarios para procesar.
Cron finalizado. Correos procesados en este lote: 1.

[2025-06-28 19:40:03] Cron ejecutandose
Correos enviados hoy (2025-06-28): 163
Ideal a enviar: 163. Lote calculado: 0.
No es necesario enviar correos ahora (ritmo correcto).

[2025-06-28 19:45:02] Cron ejecutandose
Correos enviados hoy (2025-06-28): 163
Ideal a enviar: 164. Lote calculado: 1.
Buscando destinatarios en la base de datos...
Se encontraron 1 destinatarios para procesar.
Cron finalizado. Correos procesados en este lote: 1.

[2025-06-28 19:50:10] Cron ejecutandose
Correos enviados hoy (2025-06-28): 164
Ideal a enviar: 165. Lote calculado: 1.
Buscando destinatarios en la base de datos...
Se encontraron 1 destinatarios para procesar.
Cron finalizado. Correos procesados en este lote: 1.

[2025-06-28 19:55:02] Cron ejecutandose
Correos enviados hoy (2025-06-28): 165
Ideal a enviar: 165. Lote calculado: 0.
No es necesario enviar correos ahora (ritmo correcto).

[2025-06-28 20:00:04] Cron ejecutandose
Correos enviados hoy (2025-06-28): 165
Ideal a enviar: 166. Lote calculado: 1.
Buscando destinatarios en la base de datos...
Se encontraron 1 destinatarios para procesar.
Cron finalizado. Correos procesados en este lote: 1.

[2025-06-28 20:05:03] Cron ejecutandose
Correos enviados hoy (2025-06-28): 165
Ideal a enviar: 167. Lote calculado: 2.
Buscando destinatarios en la base de datos...
Se encontraron 2 destinatarios para procesar.
Cron finalizado. Correos procesados en este lote: 2.

[2025-06-28 20:10:04] Cron ejecutandose
Correos enviados hoy (2025-06-28): 165
Ideal a enviar: 168. Lote calculado: 3.
Buscando destinatarios en la base de datos...
Se encontraron 3 destinatarios para procesar.
Cron finalizado. Correos procesados en este lote: 3.

[2025-06-28 20:15:03] Cron ejecutandose
Correos enviados hoy (2025-06-28): 165
Ideal a enviar: 168. Lote calculado: 3.
Buscando destinatarios en la base de datos...
Se encontraron 3 destinatarios para procesar.
Cron finalizado. Correos procesados en este lote: 3.

[2025-06-28 20:20:06] Cron ejecutandose
Correos enviados hoy (2025-06-28): 165
Ideal a enviar: 169. Lote calculado: 4.
Buscando destinatarios en la base de datos...
Se encontraron 4 destinatarios para procesar.
Cron finalizado. Correos procesados en este lote: 4.

[2025-06-28 20:25:02] Cron ejecutandose
Correos enviados hoy (2025-06-28): 165
Ideal a enviar: 170. Lote calculado: 5.
Buscando destinatarios en la base de datos...
Se encontraron 5 destinatarios para procesar.
Cron finalizado. Correos procesados en este lote: 5.

[2025-06-28 20:30:04] Cron ejecutandose
Correos enviados hoy (2025-06-28): 165
Ideal a enviar: 170. Lote calculado: 5.
Buscando destinatarios en la base de datos...
Se encontraron 5 destinatarios para procesar.
Cron finalizado. Correos procesados en este lote: 5.

[2025-06-28 20:35:02] Cron ejecutandose
Correos enviados hoy (2025-06-28): 165
Ideal a enviar: 171. Lote calculado: 6.
Buscando destinatarios en la base de datos...
Se encontraron 6 destinatarios para procesar.
Cron finalizado. Correos procesados en este lote: 6.

[2025-06-28 20:40:04] Cron ejecutandose
Correos enviados hoy (2025-06-28): 165
Ideal a enviar: 172. Lote calculado: 7.
Buscando destinatarios en la base de datos...
Se encontraron 7 destinatarios para procesar.
Cron finalizado. Correos procesados en este lote: 7.

[2025-06-28 20:45:03] Cron ejecutandose
Correos enviados hoy (2025-06-28): 165
Ideal a enviar: 172. Lote calculado: 7.
Buscando destinatarios en la base de datos...
Se encontraron 7 destinatarios para procesar.
Cron finalizado. Correos procesados en este lote: 7.

[2025-06-28 20:50:03] Cron ejecutandose
Correos enviados hoy (2025-06-28): 165
Ideal a enviar: 173. Lote calculado: 8.
Buscando destinatarios en la base de datos...
Se encontraron 8 destinatarios para procesar.
Cron finalizado. Correos procesados en este lote: 8.

[2025-06-28 20:55:03] Cron ejecutandose
Correos enviados hoy (2025-06-28): 165
Ideal a enviar: 174. Lote calculado: 9.
Buscando destinatarios en la base de datos...
Se encontraron 9 destinatarios para procesar.
Cron finalizado. Correos procesados en este lote: 9.

[2025-06-28 21:00:04] Cron ejecutandose
Correos enviados hoy (2025-06-28): 165
Ideal a enviar: 175. Lote calculado: 10.
Buscando destinatarios en la base de datos...
Se encontraron 10 destinatarios para procesar.
Cron finalizado. Correos procesados en este lote: 10.

[2025-06-28 21:05:02] Cron ejecutandose
Correos enviados hoy (2025-06-28): 165
Ideal a enviar: 175. Lote calculado: 10.
Buscando destinatarios en la base de datos...
Se encontraron 10 destinatarios para procesar.
Cron finalizado. Correos procesados en este lote: 10.

[2025-06-28 21:10:03] Cron ejecutandose
Correos enviados hoy (2025-06-28): 165
Ideal a enviar: 176. Lote calculado: 11.
Buscando destinatarios en la base de datos...
Se encontraron 11 destinatarios para procesar.
Cron finalizado. Correos procesados en este lote: 11.

[2025-06-28 21:15:03] Cron ejecutandose
Correos enviados hoy (2025-06-28): 165
Ideal a enviar: 177. Lote calculado: 12.
Buscando destinatarios en la base de datos...
Se encontraron 12 destinatarios para procesar.
Cron finalizado. Correos procesados en este lote: 12.

[2025-06-28 21:20:05] Cron ejecutandose
Correos enviados hoy (2025-06-28): 165
Ideal a enviar: 177. Lote calculado: 12.
Buscando destinatarios en la base de datos...
Se encontraron 12 destinatarios para procesar.
Cron finalizado. Correos procesados en este lote: 12.

[2025-06-28 21:25:02] Cron ejecutandose
Correos enviados hoy (2025-06-28): 165
Ideal a enviar: 178. Lote calculado: 13.
Buscando destinatarios en la base de datos...
Se encontraron 13 destinatarios para procesar.
Cron finalizado. Correos procesados en este lote: 13.

[2025-06-28 21:30:03] Cron ejecutandose
Correos enviados hoy (2025-06-28): 165
Ideal a enviar: 179. Lote calculado: 14.
Buscando destinatarios en la base de datos...
Se encontraron 14 destinatarios para procesar.
Cron finalizado. Correos procesados en este lote: 14.

[2025-06-28 21:35:03] Cron ejecutandose
Correos enviados hoy (2025-06-28): 165
Ideal a enviar: 179. Lote calculado: 14.
Buscando destinatarios en la base de datos...
Se encontraron 14 destinatarios para procesar.
Cron finalizado. Correos procesados en este lote: 14.

[2025-06-28 21:40:04] Cron ejecutandose
Correos enviados hoy (2025-06-28): 165
Ideal a enviar: 180. Lote calculado: 15.
Buscando destinatarios en la base de datos...
Se encontraron 15 destinatarios para procesar.
Cron finalizado. Correos procesados en este lote: 15.

[2025-06-28 21:45:02] Cron ejecutandose
Correos enviados hoy (2025-06-28): 165
Ideal a enviar: 181. Lote calculado: 16.
Buscando destinatarios en la base de datos...
Se encontraron 16 destinatarios para procesar.
Cron finalizado. Correos procesados en este lote: 16.

[2025-06-28 21:50:05] Cron ejecutandose
Correos enviados hoy (2025-06-28): 165
Ideal a enviar: 181. Lote calculado: 16.
Buscando destinatarios en la base de datos...
Se encontraron 16 destinatarios para procesar.
Cron finalizado. Correos procesados en este lote: 16.

[2025-06-28 21:55:03] Cron ejecutandose
Correos enviados hoy (2025-06-28): 165
Ideal a enviar: 182. Lote calculado: 17.
Buscando destinatarios en la base de datos...
Se encontraron 17 destinatarios para procesar.
Cron finalizado. Correos procesados en este lote: 17.

[2025-06-28 22:00:05] Cron ejecutandose
Correos enviados hoy (2025-06-28): 165
Ideal a enviar: 183. Lote calculado: 18.
Buscando destinatarios en la base de datos...
Se encontraron 18 destinatarios para procesar.
Cron finalizado. Correos procesados en este lote: 18.

[2025-06-28 22:05:02] Cron ejecutandose
Correos enviados hoy (2025-06-28): 165
Ideal a enviar: 184. Lote calculado: 19.
Buscando destinatarios en la base de datos...
Se encontraron 19 destinatarios para procesar.
Cron finalizado. Correos procesados en este lote: 19.

[2025-06-28 22:10:03] Cron ejecutandose
Correos enviados hoy (2025-06-28): 165
Ideal a enviar: 184. Lote calculado: 19.
Buscando destinatarios en la base de datos...
Se encontraron 19 destinatarios para procesar.
Cron finalizado. Correos procesados en este lote: 19.

[2025-06-28 22:15:02] Cron ejecutandose
Correos enviados hoy (2025-06-28): 165
Ideal a enviar: 185. Lote calculado: 20.
Buscando destinatarios en la base de datos...
Se encontraron 20 destinatarios para procesar.
Cron finalizado. Correos procesados en este lote: 20.

[2025-06-28 22:20:04] Cron ejecutandose
Correos enviados hoy (2025-06-28): 165
Ideal a enviar: 186. Lote calculado: 21.
Buscando destinatarios en la base de datos...
Se encontraron 21 destinatarios para procesar.
Cron finalizado. Correos procesados en este lote: 21.

[2025-06-28 22:25:04] Cron ejecutandose
Correos enviados hoy (2025-06-28): 165
Ideal a enviar: 186. Lote calculado: 21.
Buscando destinatarios en la base de datos...
Se encontraron 21 destinatarios para procesar.
Cron finalizado. Correos procesados en este lote: 21.

[2025-06-28 22:30:04] Cron ejecutandose
Correos enviados hoy (2025-06-28): 165
Ideal a enviar: 187. Lote calculado: 22.
Buscando destinatarios en la base de datos...
Se encontraron 22 destinatarios para procesar.
Cron finalizado. Correos procesados en este lote: 22.

[2025-06-28 22:35:02] Cron ejecutandose
Correos enviados hoy (2025-06-28): 165
Ideal a enviar: 188. Lote calculado: 23.
Buscando destinatarios en la base de datos...
Se encontraron 23 destinatarios para procesar.
Cron finalizado. Correos procesados en este lote: 23.

[2025-06-28 22:40:04] Cron ejecutandose
Correos enviados hoy (2025-06-28): 165
Ideal a enviar: 188. Lote calculado: 23.
Buscando destinatarios en la base de datos...
Se encontraron 23 destinatarios para procesar.
Cron finalizado. Correos procesados en este lote: 23.

[2025-06-28 22:45:02] Cron ejecutandose
Correos enviados hoy (2025-06-28): 165
Ideal a enviar: 189. Lote calculado: 24.
Buscando destinatarios en la base de datos...
Se encontraron 24 destinatarios para procesar.
Cron finalizado. Correos procesados en este lote: 24.

[2025-06-28 22:50:04] Cron ejecutandose
Correos enviados hoy (2025-06-28): 165
Ideal a enviar: 190. Lote calculado: 25.
Buscando destinatarios en la base de datos...
Se encontraron 25 destinatarios para procesar.
Cron finalizado. Correos procesados en este lote: 25.

[2025-06-28 22:55:02] Cron ejecutandose
Correos enviados hoy (2025-06-28): 165
Ideal a enviar: 190. Lote calculado: 25.
Buscando destinatarios en la base de datos...
Se encontraron 25 destinatarios para procesar.
Cron finalizado. Correos procesados en este lote: 25.

[2025-06-28 23:00:04] Cron ejecutandose
Correos enviados hoy (2025-06-28): 165
Ideal a enviar: 191. Lote calculado: 26.
Buscando destinatarios en la base de datos...
Se encontraron 26 destinatarios para procesar.
Cron finalizado. Correos procesados en este lote: 26.

[2025-06-28 23:05:03] Cron ejecutandose
Correos enviados hoy (2025-06-28): 165
Ideal a enviar: 192. Lote calculado: 27.
Buscando destinatarios en la base de datos...
Se encontraron 27 destinatarios para procesar.
Cron finalizado. Correos procesados en este lote: 27.

[2025-06-28 23:10:03] Cron ejecutandose
Correos enviados hoy (2025-06-28): 165
Ideal a enviar: 193. Lote calculado: 28.
Buscando destinatarios en la base de datos...
Se encontraron 28 destinatarios para procesar.
Cron finalizado. Correos procesados en este lote: 28.

[2025-06-28 23:15:02] Cron ejecutandose
Correos enviados hoy (2025-06-28): 165
Ideal a enviar: 193. Lote calculado: 28.
Buscando destinatarios en la base de datos...
Se encontraron 28 destinatarios para procesar.
Cron finalizado. Correos procesados en este lote: 28.

[2025-06-28 23:20:04] Cron ejecutandose
Correos enviados hoy (2025-06-28): 165
Ideal a enviar: 194. Lote calculado: 29.
Buscando destinatarios en la base de datos...
Se encontraron 29 destinatarios para procesar.
Cron finalizado. Correos procesados en este lote: 29.

[2025-06-28 23:25:02] Cron ejecutandose
Correos enviados hoy (2025-06-28): 165
Ideal a enviar: 195. Lote calculado: 30.
Buscando destinatarios en la base de datos...
Se encontraron 30 destinatarios para procesar.
Cron finalizado. Correos procesados en este lote: 30.

[2025-06-28 23:30:04] Cron ejecutandose
Correos enviados hoy (2025-06-28): 165
Ideal a enviar: 195. Lote calculado: 30.
Buscando destinatarios en la base de datos...
Se encontraron 30 destinatarios para procesar.
Cron finalizado. Correos procesados en este lote: 30.

[2025-06-28 23:35:03] Cron ejecutandose
Correos enviados hoy (2025-06-28): 165
Ideal a enviar: 196. Lote calculado: 31.
Buscando destinatarios en la base de datos...
Se encontraron 31 destinatarios para procesar.
Cron finalizado. Correos procesados en este lote: 31.

[2025-06-28 23:40:04] Cron ejecutandose
Correos enviados hoy (2025-06-28): 165
Ideal a enviar: 197. Lote calculado: 32.
Buscando destinatarios en la base de datos...
Se encontraron 32 destinatarios para procesar.
Cron finalizado. Correos procesados en este lote: 32.

[2025-06-28 23:45:02] Cron ejecutandose
Correos enviados hoy (2025-06-28): 165
Ideal a enviar: 197. Lote calculado: 32.
Buscando destinatarios en la base de datos...
Se encontraron 32 destinatarios para procesar.
Cron finalizado. Correos procesados en este lote: 32.

[2025-06-28 23:50:05] Cron ejecutandose
Correos enviados hoy (2025-06-28): 165
Ideal a enviar: 198. Lote calculado: 33.
Buscando destinatarios en la base de datos...
Se encontraron 33 destinatarios para procesar.
Cron finalizado. Correos procesados en este lote: 33.

[2025-06-28 23:55:03] Cron ejecutandose
Correos enviados hoy (2025-06-28): 165
Ideal a enviar: 199. Lote calculado: 34.
Buscando destinatarios en la base de datos...
Se encontraron 34 destinatarios para procesar.
Cron finalizado. Correos procesados en este lote: 34.

[2025-06-29 00:00:05] Cron ejecutandose
Correos enviados hoy (2025-06-29): 335
Límite diario (200) alcanzado. Deteniendo.

[2025-06-29 00:05:02] Cron ejecutandose
Correos enviados hoy (2025-06-29): 335
Límite diario (200) alcanzado. Deteniendo.

[2025-06-29 00:10:08] Cron ejecutandose
Correos enviados hoy (2025-06-29): 335
Límite diario (200) alcanzado. Deteniendo.

[2025-06-29 00:15:04] Cron ejecutandose
Correos enviados hoy (2025-06-29): 335
Límite diario (200) alcanzado. Deteniendo.

[2025-06-29 00:20:05] Cron ejecutandose
Correos enviados hoy (2025-06-29): 335
Límite diario (200) alcanzado. Deteniendo.

[2025-06-29 00:25:02] Cron ejecutandose
Correos enviados hoy (2025-06-29): 335
Límite diario (200) alcanzado. Deteniendo.

[2025-06-29 00:30:04] Cron ejecutandose
Correos enviados hoy (2025-06-29): 335
Límite diario (200) alcanzado. Deteniendo.

[2025-06-29 00:35:03] Cron ejecutandose
Correos enviados hoy (2025-06-29): 335
Límite diario (200) alcanzado. Deteniendo.

[2025-06-29 00:40:04] Cron ejecutandose
Correos enviados hoy (2025-06-29): 335
Límite diario (200) alcanzado. Deteniendo.

[2025-06-29 00:45:03] Cron ejecutandose
Correos enviados hoy (2025-06-29): 335
Límite diario (200) alcanzado. Deteniendo.

[2025-06-29 00:50:05] Cron ejecutandose
Correos enviados hoy (2025-06-29): 335
Límite diario (200) alcanzado. Deteniendo.

[2025-06-29 00:55:02] Cron ejecutandose
Correos enviados hoy (2025-06-29): 335
Límite diario (200) alcanzado. Deteniendo.

[2025-06-29 01:00:04] Cron ejecutandose
Correos enviados hoy (2025-06-29): 335
Límite diario (200) alcanzado. Deteniendo.

[2025-06-29 01:05:02] Cron ejecutandose
Correos enviados hoy (2025-06-29): 335
Límite diario (200) alcanzado. Deteniendo.

[2025-06-29 01:10:04] Cron ejecutandose
Correos enviados hoy (2025-06-29): 335
Límite diario (200) alcanzado. Deteniendo.

[2025-06-29 01:15:03] Cron ejecutandose
Correos enviados hoy (2025-06-29): 335
Límite diario (200) alcanzado. Deteniendo.

[2025-06-29 01:20:04] Cron ejecutandose
Correos enviados hoy (2025-06-29): 335
Límite diario (200) alcanzado. Deteniendo.

[2025-06-29 01:25:03] Cron ejecutandose
Correos enviados hoy (2025-06-29): 335
Límite diario (200) alcanzado. Deteniendo.

[2025-06-29 01:30:04] Cron ejecutandose
Correos enviados hoy (2025-06-29): 335
Límite diario (200) alcanzado. Deteniendo.

[2025-06-29 01:35:02] Cron ejecutandose
Correos enviados hoy (2025-06-29): 335
Límite diario (200) alcanzado. Deteniendo.

[2025-06-29 01:40:10] Cron ejecutandose
Correos enviados hoy (2025-06-29): 335
Límite diario (200) alcanzado. Deteniendo.

[2025-06-29 01:45:02] Cron ejecutandose
Correos enviados hoy (2025-06-29): 335
Límite diario (200) alcanzado. Deteniendo.

[2025-06-29 01:50:04] Cron ejecutandose
Correos enviados hoy (2025-06-29): 335
Límite diario (200) alcanzado. Deteniendo.

[2025-06-29 01:55:03] Cron ejecutandose
Correos enviados hoy (2025-06-29): 335
Límite diario (200) alcanzado. Deteniendo.

[2025-06-29 02:00:08] Cron ejecutandose
Correos enviados hoy (2025-06-29): 335
Límite diario (200) alcanzado. Deteniendo.

[2025-06-29 02:05:03] Cron ejecutandose
Correos enviados hoy (2025-06-29): 335
Límite diario (200) alcanzado. Deteniendo.

[2025-06-29 02:10:04] Cron ejecutandose
Correos enviados hoy (2025-06-29): 335
Límite diario (200) alcanzado. Deteniendo.

[2025-06-29 02:15:03] Cron ejecutandose
Correos enviados hoy (2025-06-29): 335
Límite diario (200) alcanzado. Deteniendo.

[2025-06-29 02:20:04] Cron ejecutandose
Correos enviados hoy (2025-06-29): 335
Límite diario (200) alcanzado. Deteniendo.

[2025-06-29 02:25:02] Cron ejecutandose
Correos enviados hoy (2025-06-29): 335
Límite diario (200) alcanzado. Deteniendo.

[2025-06-29 02:30:04] Cron ejecutandose
Correos enviados hoy (2025-06-29): 335
Límite diario (200) alcanzado. Deteniendo.

[2025-06-29 02:35:02] Cron ejecutandose
Correos enviados hoy (2025-06-29): 335
Límite diario (200) alcanzado. Deteniendo.

[2025-06-29 02:40:04] Cron ejecutandose
Correos enviados hoy (2025-06-29): 335
Límite diario (200) alcanzado. Deteniendo.

[2025-06-29 02:45:03] Cron ejecutandose
Correos enviados hoy (2025-06-29): 335
Límite diario (200) alcanzado. Deteniendo.

[2025-06-29 02:50:05] Cron ejecutandose
Correos enviados hoy (2025-06-29): 335
Límite diario (200) alcanzado. Deteniendo.

[2025-06-29 02:55:03] Cron ejecutandose
Correos enviados hoy (2025-06-29): 335
Límite diario (200) alcanzado. Deteniendo.

[2025-06-29 03:00:05] Cron ejecutandose
Correos enviados hoy (2025-06-29): 335
Límite diario (200) alcanzado. Deteniendo.

[2025-06-29 03:05:02] Cron ejecutandose
Correos enviados hoy (2025-06-29): 335
Límite diario (200) alcanzado. Deteniendo.

[2025-06-29 03:10:04] Cron ejecutandose
Correos enviados hoy (2025-06-29): 335
Límite diario (200) alcanzado. Deteniendo.

[2025-06-29 03:15:03] Cron ejecutandose
Correos enviados hoy (2025-06-29): 335
Límite diario (200) alcanzado. Deteniendo.

[2025-06-29 03:20:03] Cron ejecutandose
Correos enviados hoy (2025-06-29): 335
Límite diario (200) alcanzado. Deteniendo.

[2025-06-29 03:25:02] Cron ejecutandose
Correos enviados hoy (2025-06-29): 335
Límite diario (200) alcanzado. Deteniendo.

[2025-06-29 03:30:06] Cron ejecutandose
Correos enviados hoy (2025-06-29): 335
Límite diario (200) alcanzado. Deteniendo.

[2025-06-29 03:35:03] Cron ejecutandose
Correos enviados hoy (2025-06-29): 335
Límite diario (200) alcanzado. Deteniendo.

[2025-06-29 03:40:05] Cron ejecutandose
Correos enviados hoy (2025-06-29): 335
Límite diario (200) alcanzado. Deteniendo.

[2025-06-29 03:45:03] Cron ejecutandose
Correos enviados hoy (2025-06-29): 335
Límite diario (200) alcanzado. Deteniendo.

[2025-06-29 03:50:03] Cron ejecutandose
Correos enviados hoy (2025-06-29): 335
Límite diario (200) alcanzado. Deteniendo.

[2025-06-29 03:55:02] Cron ejecutandose
Correos enviados hoy (2025-06-29): 335
Límite diario (200) alcanzado. Deteniendo.

[2025-06-29 04:00:04] Cron ejecutandose
Correos enviados hoy (2025-06-29): 335
Límite diario (200) alcanzado. Deteniendo.

[2025-06-29 04:05:02] Cron ejecutandose
Correos enviados hoy (2025-06-29): 335
Límite diario (200) alcanzado. Deteniendo.

[2025-06-29 04:10:04] Cron ejecutandose
Correos enviados hoy (2025-06-29): 335
Límite diario (200) alcanzado. Deteniendo.

[2025-06-29 04:15:03] Cron ejecutandose
Correos enviados hoy (2025-06-29): 335
Límite diario (200) alcanzado. Deteniendo.

[2025-06-29 04:20:06] Cron ejecutandose
Correos enviados hoy (2025-06-29): 335
Límite diario (200) alcanzado. Deteniendo.

[2025-06-29 04:25:03] Cron ejecutandose
Correos enviados hoy (2025-06-29): 335
Límite diario (200) alcanzado. Deteniendo.

[2025-06-29 04:30:04] Cron ejecutandose
Correos enviados hoy (2025-06-29): 335
Límite diario (200) alcanzado. Deteniendo.

[2025-06-29 04:35:02] Cron ejecutandose
Correos enviados hoy (2025-06-29): 335
Límite diario (200) alcanzado. Deteniendo.

[2025-06-29 04:40:05] Cron ejecutandose
Correos enviados hoy (2025-06-29): 335
Límite diario (200) alcanzado. Deteniendo.

[2025-06-29 04:45:03] Cron ejecutandose
Correos enviados hoy (2025-06-29): 335
Límite diario (200) alcanzado. Deteniendo.

[2025-06-29 04:50:04] Cron ejecutandose
Correos enviados hoy (2025-06-29): 335
Límite diario (200) alcanzado. Deteniendo.

[2025-06-29 04:55:02] Cron ejecutandose
Correos enviados hoy (2025-06-29): 335
Límite diario (200) alcanzado. Deteniendo.

[2025-06-29 05:00:04] Cron ejecutandose
Correos enviados hoy (2025-06-29): 335
Límite diario (200) alcanzado. Deteniendo.

[2025-06-29 05:05:03] Cron ejecutandose
Correos enviados hoy (2025-06-29): 335
Límite diario (200) alcanzado. Deteniendo.

[2025-06-29 05:10:04] Cron ejecutandose
Correos enviados hoy (2025-06-29): 335
Límite diario (200) alcanzado. Deteniendo.

[2025-06-29 05:15:03] Cron ejecutandose
Correos enviados hoy (2025-06-29): 335
Límite diario (200) alcanzado. Deteniendo.

[2025-06-29 05:20:04] Cron ejecutandose
Correos enviados hoy (2025-06-29): 335
Límite diario (200) alcanzado. Deteniendo.

[2025-06-29 05:25:02] Cron ejecutandose
Correos enviados hoy (2025-06-29): 335
Límite diario (200) alcanzado. Deteniendo.

[2025-06-29 05:30:05] Cron ejecutandose
Correos enviados hoy (2025-06-29): 335
Límite diario (200) alcanzado. Deteniendo.

[2025-06-29 05:35:02] Cron ejecutandose
Correos enviados hoy (2025-06-29): 335
Límite diario (200) alcanzado. Deteniendo.

[2025-06-29 05:40:04] Cron ejecutandose
Correos enviados hoy (2025-06-29): 335
Límite diario (200) alcanzado. Deteniendo.

[2025-06-29 05:45:03] Cron ejecutandose
Correos enviados hoy (2025-06-29): 335
Límite diario (200) alcanzado. Deteniendo.

[2025-06-29 05:50:06] Cron ejecutandose
Correos enviados hoy (2025-06-29): 335
Límite diario (200) alcanzado. Deteniendo.

[2025-06-29 05:55:03] Cron ejecutandose
Correos enviados hoy (2025-06-29): 335
Límite diario (200) alcanzado. Deteniendo.

[2025-06-29 06:00:04] Cron ejecutandose
Correos enviados hoy (2025-06-29): 335
Límite diario (200) alcanzado. Deteniendo.

[2025-06-29 06:05:02] Cron ejecutandose
Correos enviados hoy (2025-06-29): 335
Límite diario (200) alcanzado. Deteniendo.

[2025-06-29 06:10:03] Cron ejecutandose
Correos enviados hoy (2025-06-29): 335
Límite diario (200) alcanzado. Deteniendo.

[2025-06-29 06:15:02] Cron ejecutandose
Correos enviados hoy (2025-06-29): 335
Límite diario (200) alcanzado. Deteniendo.

[2025-06-29 06:20:05] Cron ejecutandose
Correos enviados hoy (2025-06-29): 335
Límite diario (200) alcanzado. Deteniendo.

[2025-06-29 06:25:02] Cron ejecutandose
Correos enviados hoy (2025-06-29): 335
Límite diario (200) alcanzado. Deteniendo.

[2025-06-29 06:30:04] Cron ejecutandose
Correos enviados hoy (2025-06-29): 335
Límite diario (200) alcanzado. Deteniendo.

[2025-06-29 06:35:02] Cron ejecutandose
Correos enviados hoy (2025-06-29): 335
Límite diario (200) alcanzado. Deteniendo.

[2025-06-29 06:40:06] Cron ejecutandose
Correos enviados hoy (2025-06-29): 335
Límite diario (200) alcanzado. Deteniendo.

[2025-06-29 06:45:03] Cron ejecutandose
Correos enviados hoy (2025-06-29): 335
Límite diario (200) alcanzado. Deteniendo.

[2025-06-29 06:50:04] Cron ejecutandose
Correos enviados hoy (2025-06-29): 335
Límite diario (200) alcanzado. Deteniendo.

[2025-06-29 06:55:04] Cron ejecutandose
Correos enviados hoy (2025-06-29): 335
Límite diario (200) alcanzado. Deteniendo.

[2025-06-29 07:00:05] Cron ejecutandose
Correos enviados hoy (2025-06-29): 335
Límite diario (200) alcanzado. Deteniendo.

[2025-06-29 07:05:04] Cron ejecutandose
Correos enviados hoy (2025-06-29): 335
Límite diario (200) alcanzado. Deteniendo.

[2025-06-29 07:10:06] Cron ejecutandose
Correos enviados hoy (2025-06-29): 335
Límite diario (200) alcanzado. Deteniendo.

[2025-06-29 07:15:02] Cron ejecutandose
Correos enviados hoy (2025-06-29): 335
Límite diario (200) alcanzado. Deteniendo.

[2025-06-29 07:20:04] Cron ejecutandose
Correos enviados hoy (2025-06-29): 335
Límite diario (200) alcanzado. Deteniendo.

[2025-06-29 07:25:03] Cron ejecutandose
Correos enviados hoy (2025-06-29): 335
Límite diario (200) alcanzado. Deteniendo.

[2025-06-29 07:30:04] Cron ejecutandose
Correos enviados hoy (2025-06-29): 335
Límite diario (200) alcanzado. Deteniendo.

[2025-06-29 07:35:02] Cron ejecutandose
Correos enviados hoy (2025-06-29): 335
Límite diario (200) alcanzado. Deteniendo.

[2025-06-29 07:40:04] Cron ejecutandose
Correos enviados hoy (2025-06-29): 335
Límite diario (200) alcanzado. Deteniendo.

[2025-06-29 07:45:02] Cron ejecutandose
Correos enviados hoy (2025-06-29): 335
Límite diario (200) alcanzado. Deteniendo.

[2025-06-29 07:50:05] Cron ejecutandose
Correos enviados hoy (2025-06-29): 335
Límite diario (200) alcanzado. Deteniendo.

[2025-06-29 07:55:03] Cron ejecutandose
Correos enviados hoy (2025-06-29): 335
Límite diario (200) alcanzado. Deteniendo.

[2025-06-29 08:00:06] Cron ejecutandose
Correos enviados hoy (2025-06-29): 335
Límite diario (200) alcanzado. Deteniendo.

[2025-06-29 08:05:02] Cron ejecutandose
Correos enviados hoy (2025-06-29): 335
Límite diario (200) alcanzado. Deteniendo.

[2025-06-29 08:10:03] Cron ejecutandose
Correos enviados hoy (2025-06-29): 335
Límite diario (200) alcanzado. Deteniendo.

[2025-06-29 08:15:03] Cron ejecutandose
Correos enviados hoy (2025-06-29): 335
Límite diario (200) alcanzado. Deteniendo.

[2025-06-29 08:20:05] Cron ejecutandose
Correos enviados hoy (2025-06-29): 335
Límite diario (200) alcanzado. Deteniendo.

[2025-06-29 08:25:02] Cron ejecutandose
Correos enviados hoy (2025-06-29): 335
Límite diario (200) alcanzado. Deteniendo.

[2025-06-29 08:30:05] Cron ejecutandose
Correos enviados hoy (2025-06-29): 335
Límite diario (200) alcanzado. Deteniendo.

[2025-06-29 08:35:02] Cron ejecutandose
Correos enviados hoy (2025-06-29): 335
Límite diario (200) alcanzado. Deteniendo.

[2025-06-29 08:40:04] Cron ejecutandose
Correos enviados hoy (2025-06-29): 335
Límite diario (200) alcanzado. Deteniendo.

[2025-06-29 08:45:03] Cron ejecutandose
Correos enviados hoy (2025-06-29): 335
Límite diario (200) alcanzado. Deteniendo.

[2025-06-29 08:50:05] Cron ejecutandose
Correos enviados hoy (2025-06-29): 335
Límite diario (200) alcanzado. Deteniendo.

[2025-06-29 08:55:02] Cron ejecutandose
Correos enviados hoy (2025-06-29): 335
Límite diario (200) alcanzado. Deteniendo.

[2025-06-29 09:00:04] Cron ejecutandose
Correos enviados hoy (2025-06-29): 335
Límite diario (200) alcanzado. Deteniendo.

[2025-06-29 09:05:02] Cron ejecutandose
Correos enviados hoy (2025-06-29): 335
Límite diario (200) alcanzado. Deteniendo.

[2025-06-29 09:10:04] Cron ejecutandose
Correos enviados hoy (2025-06-29): 335
Límite diario (200) alcanzado. Deteniendo.

[2025-06-29 09:15:04] Cron ejecutandose
Correos enviados hoy (2025-06-29): 335
Límite diario (200) alcanzado. Deteniendo.

[2025-06-29 09:20:05] Cron ejecutandose
Correos enviados hoy (2025-06-29): 335
Límite diario (200) alcanzado. Deteniendo.

[2025-06-29 09:25:02] Cron ejecutandose
Correos enviados hoy (2025-06-29): 335
Límite diario (200) alcanzado. Deteniendo.

[2025-06-29 09:30:04] Cron ejecutandose
Correos enviados hoy (2025-06-29): 335
Límite diario (200) alcanzado. Deteniendo.

[2025-06-29 09:35:03] Cron ejecutandose
Correos enviados hoy (2025-06-29): 335
Límite diario (200) alcanzado. Deteniendo.

[2025-06-29 09:40:03] Cron ejecutandose
Correos enviados hoy (2025-06-29): 335
Límite diario (200) alcanzado. Deteniendo.

[2025-06-29 09:45:03] Cron ejecutandose
Correos enviados hoy (2025-06-29): 335
Límite diario (200) alcanzado. Deteniendo.

[2025-06-29 09:50:05] Cron ejecutandose
Correos enviados hoy (2025-06-29): 335
Límite diario (200) alcanzado. Deteniendo.

[2025-06-29 09:55:02] Cron ejecutandose
Correos enviados hoy (2025-06-29): 335
Límite diario (200) alcanzado. Deteniendo.

[2025-06-29 10:00:03] Cron ejecutandose
Correos enviados hoy (2025-06-29): 335
Límite diario (200) alcanzado. Deteniendo.

[2025-06-29 10:05:02] Cron ejecutandose
Correos enviados hoy (2025-06-29): 335
Límite diario (200) alcanzado. Deteniendo.

[2025-06-29 10:10:03] Cron ejecutandose
Correos enviados hoy (2025-06-29): 335
Límite diario (200) alcanzado. Deteniendo.

[2025-06-29 10:15:03] Cron ejecutandose
Correos enviados hoy (2025-06-29): 335
Límite diario (200) alcanzado. Deteniendo.

[2025-06-29 10:20:03] Cron ejecutandose
Correos enviados hoy (2025-06-29): 335
Límite diario (200) alcanzado. Deteniendo.

[2025-06-29 10:25:03] Cron ejecutandose
Correos enviados hoy (2025-06-29): 335
Límite diario (200) alcanzado. Deteniendo.

[2025-06-29 10:30:04] Cron ejecutandose
Correos enviados hoy (2025-06-29): 335
Límite diario (200) alcanzado. Deteniendo.

[2025-06-29 10:35:02] Cron ejecutandose
Correos enviados hoy (2025-06-29): 335
Límite diario (200) alcanzado. Deteniendo.

[2025-06-29 10:40:04] Cron ejecutandose
Correos enviados hoy (2025-06-29): 335
Límite diario (200) alcanzado. Deteniendo.

[2025-06-29 10:45:02] Cron ejecutandose
Correos enviados hoy (2025-06-29): 335
Límite diario (200) alcanzado. Deteniendo.

[2025-06-29 10:50:06] Cron ejecutandose
Correos enviados hoy (2025-06-29): 335
Límite diario (200) alcanzado. Deteniendo.

[2025-06-29 10:55:02] Cron ejecutandose
Correos enviados hoy (2025-06-29): 335
Límite diario (200) alcanzado. Deteniendo.

[2025-06-29 11:00:04] Cron ejecutandose
Correos enviados hoy (2025-06-29): 335
Límite diario (200) alcanzado. Deteniendo.

[2025-06-29 11:05:02] Cron ejecutandose
Correos enviados hoy (2025-06-29): 335
Límite diario (200) alcanzado. Deteniendo.

[2025-06-29 11:10:05] Cron ejecutandose
Correos enviados hoy (2025-06-29): 335
Límite diario (200) alcanzado. Deteniendo.

[2025-06-29 11:15:03] Cron ejecutandose
Correos enviados hoy (2025-06-29): 335
Límite diario (200) alcanzado. Deteniendo.

[2025-06-29 11:20:04] Cron ejecutandose
Correos enviados hoy (2025-06-29): 335
Límite diario (200) alcanzado. Deteniendo.

[2025-06-29 11:25:02] Cron ejecutandose
Correos enviados hoy (2025-06-29): 335
Límite diario (200) alcanzado. Deteniendo.

[2025-06-29 11:30:06] Cron ejecutandose
Correos enviados hoy (2025-06-29): 335
Límite diario (200) alcanzado. Deteniendo.

[2025-06-29 11:35:02] Cron ejecutandose
Correos enviados hoy (2025-06-29): 335
Límite diario (200) alcanzado. Deteniendo.

[2025-06-29 11:40:04] Cron ejecutandose
Correos enviados hoy (2025-06-29): 335
Límite diario (200) alcanzado. Deteniendo.

[2025-06-29 11:45:03] Cron ejecutandose
Correos enviados hoy (2025-06-29): 335
Límite diario (200) alcanzado. Deteniendo.

[2025-06-29 11:50:04] Cron ejecutandose
Correos enviados hoy (2025-06-29): 335
Límite diario (200) alcanzado. Deteniendo.

[2025-06-29 11:55:03] Cron ejecutandose
Correos enviados hoy (2025-06-29): 335
Límite diario (200) alcanzado. Deteniendo.

[2025-06-29 12:00:05] Cron ejecutandose
Correos enviados hoy (2025-06-29): 335
Límite diario (200) alcanzado. Deteniendo.

[2025-06-29 12:05:02] Cron ejecutandose
Correos enviados hoy (2025-06-29): 335
Límite diario (200) alcanzado. Deteniendo.

[2025-06-29 12:10:04] Cron ejecutandose
Correos enviados hoy (2025-06-29): 335
Límite diario (200) alcanzado. Deteniendo.

[2025-06-29 12:15:02] Cron ejecutandose
Correos enviados hoy (2025-06-29): 335
Límite diario (200) alcanzado. Deteniendo.

[2025-06-29 12:20:05] Cron ejecutandose
Correos enviados hoy (2025-06-29): 335
Límite diario (200) alcanzado. Deteniendo.

[2025-06-29 12:25:02] Cron ejecutandose
Correos enviados hoy (2025-06-29): 335
Límite diario (200) alcanzado. Deteniendo.

[2025-06-29 12:30:04] Cron ejecutandose
Correos enviados hoy (2025-06-29): 335
Límite diario (200) alcanzado. Deteniendo.

[2025-06-29 12:35:03] Cron ejecutandose
Correos enviados hoy (2025-06-29): 335
Límite diario (200) alcanzado. Deteniendo.

[2025-06-29 12:40:04] Cron ejecutandose
Correos enviados hoy (2025-06-29): 335
Límite diario (200) alcanzado. Deteniendo.

[2025-06-29 12:45:02] Cron ejecutandose
Correos enviados hoy (2025-06-29): 335
Límite diario (200) alcanzado. Deteniendo.

[2025-06-29 12:50:04] Cron ejecutandose
Correos enviados hoy (2025-06-29): 335
Límite diario (200) alcanzado. Deteniendo.

[2025-06-29 12:55:02] Cron ejecutandose
Correos enviados hoy (2025-06-29): 335
Límite diario (200) alcanzado. Deteniendo.

[2025-06-29 13:00:04] Cron ejecutandose
Correos enviados hoy (2025-06-29): 335
Límite diario (200) alcanzado. Deteniendo.

[2025-06-29 13:05:04] Cron ejecutandose
Correos enviados hoy (2025-06-29): 335
Límite diario (200) alcanzado. Deteniendo.

[2025-06-29 13:10:04] Cron ejecutandose
Correos enviados hoy (2025-06-29): 335
Límite diario (200) alcanzado. Deteniendo.

[2025-06-29 13:15:03] Cron ejecutandose
Correos enviados hoy (2025-06-29): 335
Límite diario (200) alcanzado. Deteniendo.

[2025-06-29 13:20:06] Cron ejecutandose
Correos enviados hoy (2025-06-29): 335
Límite diario (200) alcanzado. Deteniendo.

[2025-06-29 13:25:02] Cron ejecutandose
Correos enviados hoy (2025-06-29): 335
Límite diario (200) alcanzado. Deteniendo.

[2025-06-29 13:30:05] Cron ejecutandose
Correos enviados hoy (2025-06-29): 335
Límite diario (200) alcanzado. Deteniendo.

[2025-06-29 13:35:02] Cron ejecutandose
Correos enviados hoy (2025-06-29): 335
Límite diario (200) alcanzado. Deteniendo.

[2025-06-29 13:40:04] Cron ejecutandose
Correos enviados hoy (2025-06-29): 335
Límite diario (200) alcanzado. Deteniendo.

